[04:02:26] [main/INFO]: Environment: authHost='https://authserver.mojang.com', accountsHost='https://api.mojang.com', sessionHost='https://sessionserver.mojang.com', name='PROD'
[04:02:27] [main/INFO]: Reloading ResourceManager: Default, bukkit
[04:02:28] [Server-Worker-4/INFO]: Loaded 7 recipes
[04:02:31] [Server thread/INFO]: Starting minecraft server version 1.16.1
[04:02:31] [Server thread/INFO]: Loading properties
[04:02:31] [Server thread/INFO]: This server is running Paper version git-Paper-79 (MC: 1.16.1) (Implementing API version 1.16.1-R0.1-SNAPSHOT)
[04:02:31] [Server thread/INFO]: Debug logging is disabled
[04:02:31] [Server thread/INFO]: Server Ping Player Sample Count: 12
[04:02:31] [Server thread/INFO]: Using 4 threads for Netty based IO
[04:02:32] [Server thread/INFO]: Default game type: SURVIVAL
[04:02:32] [Server thread/INFO]: Generating keypair
[04:02:32] [Server thread/INFO]: Starting Minecraft server on *:25565
[04:02:32] [Server thread/INFO]: Using epoll channel type
[04:02:33] [Server thread/INFO]: Server permissions file permissions.yml is empty, ignoring it
[04:02:33] [Server thread/WARN]: **** SERVER IS RUNNING IN OFFLINE/INSECURE MODE!
[04:02:33] [Server thread/WARN]: The server will make no attempt to authenticate usernames. Beware.
[04:02:33] [Server thread/WARN]: While this makes the game possible to play without internet access, it also opens up the ability for hackers to connect with any username they choose.
[04:02:33] [Server thread/WARN]: To change this, set "online-mode" to "true" in the server.properties file.
[04:02:33] [Server thread/INFO]: Preparing level "world"
[04:02:33] [Server thread/INFO]: -------- World Settings For [world] --------
[04:02:33] [Server thread/INFO]: Experience Merge Radius: 3.0
[04:02:33] [Server thread/INFO]: Cactus Growth Modifier: 100%
[04:02:33] [Server thread/INFO]: Cane Growth Modifier: 100%
[04:02:33] [Server thread/INFO]: Melon Growth Modifier: 100%
[04:02:33] [Server thread/INFO]: Mushroom Growth Modifier: 100%
[04:02:33] [Server thread/INFO]: Pumpkin Growth Modifier: 100%
[04:02:33] [Server thread/INFO]: Sapling Growth Modifier: 100%
[04:02:33] [Server thread/INFO]: Beetroot Growth Modifier: 100%
[04:02:33] [Server thread/INFO]: Carrot Growth Modifier: 100%
[04:02:33] [Server thread/INFO]: Potato Growth Modifier: 100%
[04:02:33] [Server thread/INFO]: Wheat Growth Modifier: 100%
[04:02:33] [Server thread/INFO]: NetherWart Growth Modifier: 100%
[04:02:33] [Server thread/INFO]: Vine Growth Modifier: 100%
[04:02:33] [Server thread/INFO]: Cocoa Growth Modifier: 100%
[04:02:33] [Server thread/INFO]: Bamboo Growth Modifier: 100%
[04:02:33] [Server thread/INFO]: SweetBerry Growth Modifier: 100%
[04:02:33] [Server thread/INFO]: Kelp Growth Modifier: 100%
[04:02:33] [Server thread/INFO]: Entity Activation Range: An 32 / Mo 32 / Ra 48 / Mi 16 / Tiv true
[04:02:33] [Server thread/INFO]: Hopper Transfer: 8 Hopper Check: 1 Hopper Amount: 1
[04:02:33] [Server thread/INFO]: Custom Map Seeds:  Village: 10387312 Desert: 14357617 Igloo: 14357618 Jungle: 14357619 Swamp: 14357620 Monument: 10387313 Ocean: 14357621 Shipwreck: 165745295 End City: 10387313 Slime: 987234911 Bastion: 30084232 Fortress: 30084232 Mansion: 10387319 Fossil: 14357921 Portal: 34222645
[04:02:33] [Server thread/INFO]: Max TNT Explosions: 100
[04:02:33] [Server thread/INFO]: Tile Max Tick Time: 50ms Entity max Tick Time: 50ms
[04:02:33] [Server thread/INFO]: Entity Tracking Range: Pl 48 / An 48 / Mo 48 / Mi 32 / Other 64
[04:02:33] [Server thread/INFO]: Allow Zombie Pigmen to spawn from portal blocks: true
[04:02:33] [Server thread/INFO]: Item Merge Radius: 2.5
[04:02:33] [Server thread/INFO]: Item Despawn Rate: 6000
[04:02:33] [Server thread/INFO]: View Distance: 10
[04:02:33] [Server thread/INFO]: Arrow Despawn Rate: 1200 Trident Respawn Rate:1200
[04:02:33] [Server thread/INFO]: Zombie Aggressive Towards Villager: true
[04:02:33] [Server thread/INFO]: Nerfing mobs spawned from spawners: false
[04:02:33] [Server thread/INFO]: Mob Spawn Range: 8
[04:02:33] [Server thread/INFO]: -------- World Settings For [world_nether] --------
[04:02:33] [Server thread/INFO]: Experience Merge Radius: 3.0
[04:02:33] [Server thread/INFO]: Cactus Growth Modifier: 100%
[04:02:33] [Server thread/INFO]: Cane Growth Modifier: 100%
[04:02:33] [Server thread/INFO]: Melon Growth Modifier: 100%
[04:02:33] [Server thread/INFO]: Mushroom Growth Modifier: 100%
[04:02:33] [Server thread/INFO]: Pumpkin Growth Modifier: 100%
[04:02:33] [Server thread/INFO]: Sapling Growth Modifier: 100%
[04:02:33] [Server thread/INFO]: Beetroot Growth Modifier: 100%
[04:02:33] [Server thread/INFO]: Carrot Growth Modifier: 100%
[04:02:33] [Server thread/INFO]: Potato Growth Modifier: 100%
[04:02:33] [Server thread/INFO]: Wheat Growth Modifier: 100%
[04:02:33] [Server thread/INFO]: NetherWart Growth Modifier: 100%
[04:02:33] [Server thread/INFO]: Vine Growth Modifier: 100%
[04:02:33] [Server thread/INFO]: Cocoa Growth Modifier: 100%
[04:02:33] [Server thread/INFO]: Bamboo Growth Modifier: 100%
[04:02:33] [Server thread/INFO]: SweetBerry Growth Modifier: 100%
[04:02:33] [Server thread/INFO]: Kelp Growth Modifier: 100%
[04:02:33] [Server thread/INFO]: Entity Activation Range: An 32 / Mo 32 / Ra 48 / Mi 16 / Tiv true
[04:02:33] [Server thread/INFO]: Hopper Transfer: 8 Hopper Check: 1 Hopper Amount: 1
[04:02:33] [Server thread/INFO]: Custom Map Seeds:  Village: 10387312 Desert: 14357617 Igloo: 14357618 Jungle: 14357619 Swamp: 14357620 Monument: 10387313 Ocean: 14357621 Shipwreck: 165745295 End City: 10387313 Slime: 987234911 Bastion: 30084232 Fortress: 30084232 Mansion: 10387319 Fossil: 14357921 Portal: 34222645
[04:02:33] [Server thread/INFO]: Max TNT Explosions: 100
[04:02:33] [Server thread/INFO]: Tile Max Tick Time: 50ms Entity max Tick Time: 50ms
[04:02:33] [Server thread/INFO]: Entity Tracking Range: Pl 48 / An 48 / Mo 48 / Mi 32 / Other 64
[04:02:33] [Server thread/INFO]: Allow Zombie Pigmen to spawn from portal blocks: true
[04:02:33] [Server thread/INFO]: Item Merge Radius: 2.5
[04:02:33] [Server thread/INFO]: Item Despawn Rate: 6000
[04:02:33] [Server thread/INFO]: View Distance: 10
[04:02:33] [Server thread/INFO]: Arrow Despawn Rate: 1200 Trident Respawn Rate:1200
[04:02:33] [Server thread/INFO]: Zombie Aggressive Towards Villager: true
[04:02:33] [Server thread/INFO]: Nerfing mobs spawned from spawners: false
[04:02:33] [Server thread/INFO]: Mob Spawn Range: 8
[04:02:33] [Server thread/INFO]: -------- World Settings For [world_the_end] --------
[04:02:33] [Server thread/INFO]: Experience Merge Radius: 3.0
[04:02:33] [Server thread/INFO]: Cactus Growth Modifier: 100%
[04:02:33] [Server thread/INFO]: Cane Growth Modifier: 100%
[04:02:33] [Server thread/INFO]: Melon Growth Modifier: 100%
[04:02:33] [Server thread/INFO]: Mushroom Growth Modifier: 100%
[04:02:33] [Server thread/INFO]: Pumpkin Growth Modifier: 100%
[04:02:33] [Server thread/INFO]: Sapling Growth Modifier: 100%
[04:02:33] [Server thread/INFO]: Beetroot Growth Modifier: 100%
[04:02:33] [Server thread/INFO]: Carrot Growth Modifier: 100%
[04:02:33] [Server thread/INFO]: Potato Growth Modifier: 100%
[04:02:33] [Server thread/INFO]: Wheat Growth Modifier: 100%
[04:02:33] [Server thread/INFO]: NetherWart Growth Modifier: 100%
[04:02:33] [Server thread/INFO]: Vine Growth Modifier: 100%
[04:02:33] [Server thread/INFO]: Cocoa Growth Modifier: 100%
[04:02:33] [Server thread/INFO]: Bamboo Growth Modifier: 100%
[04:02:33] [Server thread/INFO]: SweetBerry Growth Modifier: 100%
[04:02:33] [Server thread/INFO]: Kelp Growth Modifier: 100%
[04:02:33] [Server thread/INFO]: Entity Activation Range: An 32 / Mo 32 / Ra 48 / Mi 16 / Tiv true
[04:02:33] [Server thread/INFO]: Hopper Transfer: 8 Hopper Check: 1 Hopper Amount: 1
[04:02:33] [Server thread/INFO]: Custom Map Seeds:  Village: 10387312 Desert: 14357617 Igloo: 14357618 Jungle: 14357619 Swamp: 14357620 Monument: 10387313 Ocean: 14357621 Shipwreck: 165745295 End City: 10387313 Slime: 987234911 Bastion: 30084232 Fortress: 30084232 Mansion: 10387319 Fossil: 14357921 Portal: 34222645
[04:02:33] [Server thread/INFO]: Max TNT Explosions: 100
[04:02:33] [Server thread/INFO]: Tile Max Tick Time: 50ms Entity max Tick Time: 50ms
[04:02:33] [Server thread/INFO]: Entity Tracking Range: Pl 48 / An 48 / Mo 48 / Mi 32 / Other 64
[04:02:33] [Server thread/INFO]: Allow Zombie Pigmen to spawn from portal blocks: true
[04:02:33] [Server thread/INFO]: Item Merge Radius: 2.5
[04:02:33] [Server thread/INFO]: Item Despawn Rate: 6000
[04:02:33] [Server thread/INFO]: View Distance: 10
[04:02:33] [Server thread/INFO]: Arrow Despawn Rate: 1200 Trident Respawn Rate:1200
[04:02:33] [Server thread/INFO]: Zombie Aggressive Towards Villager: true
[04:02:33] [Server thread/INFO]: Nerfing mobs spawned from spawners: false
[04:02:33] [Server thread/INFO]: Mob Spawn Range: 8
[04:02:33] [Server thread/INFO]: Preparing start region for dimension minecraft:overworld
[04:02:35] [Server thread/INFO]: Loaded 0 spawn chunks for world world
[04:02:35] [Server thread/INFO]: Preparing spawn area: 0%
[04:02:35] [Server thread/INFO]: Preparing spawn area: 0%
[04:02:35] [Server thread/INFO]: Preparing spawn area: 0%
[04:02:35] [Server thread/INFO]: Time elapsed: 1474 ms
[04:02:35] [Server thread/INFO]: Preparing start region for dimension minecraft:the_nether
[04:02:35] [Server thread/INFO]: Loaded 0 spawn chunks for world world_nether
[04:02:35] [Server thread/INFO]: Time elapsed: 295 ms
[04:02:35] [Server thread/INFO]: Preparing start region for dimension minecraft:the_end
[04:02:35] [Server thread/INFO]: Loaded 0 spawn chunks for world world_the_end
[04:02:36] [Server thread/INFO]: Time elapsed: 270 ms
[04:02:36] [Server thread/INFO]: Running delayed init tasks
[04:02:36] [Server thread/INFO]: Done (4.703s)! For help, type "help"
[04:02:36] [Server thread/INFO]: Timings Reset
[04:04:19] [Server thread/INFO]: Stopping the server
[04:04:19] [Server thread/INFO]: Stopping server (Ignore any thread death message you see! - DO NOT REPORT THREAD DEATH TO PAPER)
[04:04:19] [Server thread/INFO]: Saving players
[04:04:20] [Server thread/INFO]: Saving worlds
[04:04:20] [Server thread/INFO]: Saving chunks for level 'ServerLevel[world]'/minecraft:overworld
[04:04:21] [Server thread/INFO]: ThreadedAnvilChunkStorage (world): All chunks are saved
[04:04:21] [Server thread/INFO]: Saving chunks for level 'ServerLevel[world_nether]'/minecraft:the_nether
[04:04:21] [Server thread/INFO]: ThreadedAnvilChunkStorage (DIM-1): All chunks are saved
[04:04:21] [Server thread/INFO]: Saving chunks for level 'ServerLevel[world_the_end]'/minecraft:the_end
[04:04:21] [Server thread/INFO]: ThreadedAnvilChunkStorage (DIM1): All chunks are saved
[04:04:21] [Server thread/INFO]: ThreadedAnvilChunkStorage (world): All chunks are saved
[04:04:21] [Server thread/INFO]: ThreadedAnvilChunkStorage (DIM-1): All chunks are saved
[04:04:22] [Server thread/INFO]: ThreadedAnvilChunkStorage (DIM1): All chunks are saved
[04:04:22] [Server thread/INFO]: Flushing Chunk IO
[04:04:22] [Server thread/INFO]: Closing Thread Pool
[04:04:22] [Server thread/INFO]: Closing Server
